<?xml version="1.0" encoding="UTF-8" standalone="no"?><testsuite errors="0" failures="1" name="Login de usuario" skipped="2" tests="3" time="78.17" timestamp="2025-08-29 08:11:54"><testcase name="Login de usuario exitoso"><failure message="Verificar las credenciales ingresadas - no such element: Unable to locate element: {&quot;method&quot;:&quot;xpath&quot;,&quot;selector&quot;:&quot;//*[contains(text(),'Vista 360° Individual')]&quot;}&#10;  (Session info: chrome=139.0.7258.139)&#10;For documentation on this error, please visit: https://selenium.dev/exceptions/#no_such_element&#10;Build info: version: '4.9.0', revision: 'd7057100a6'&#10;System info: os.name: 'Windows 11', os.arch: 'amd64', os.version: '10.0', java.version: '21.0.8'&#10;Driver info: org.openqa.selenium.chrome.ChromeDriver&#10;Command: [7d2c7e7baf7941c889e1228d4c2ece88, findElement {using=xpath, value=//*[contains(text(),'Vista 360° Individual')]}]&#10;Capabilities {acceptInsecureCerts: false, browserName: chrome, browserVersion: 139.0.7258.139, chrome: {chromedriverVersion: 139.0.7258.154 (9e0d6b2b47f..., userDataDir: C:\Users\EBENAV~1\AppData\L...}, fedcm:accounts: true, goog:chromeOptions: {debuggerAddress: localhost:55567}, networkConnectionEnabled: false, pageLoadStrategy: normal, platformName: WINDOWS, proxy: Proxy(), se:cdp: ws://localhost:55567/devtoo..., se:cdpVersion: 139.0.7258.139, setWindowRect: true, strictFileInteractability: false, timeouts: {implicit: 0, pageLoad: 300000, script: 30000}, unhandledPromptBehavior: dismiss and notify, webauthn:extension:credBlob: true, webauthn:extension:largeBlob: true, webauthn:extension:minPinLength: true, webauthn:extension:prf: true, webauthn:virtualAuthenticators: true}&#10;Session ID: 7d2c7e7baf7941c889e1228d4c2ece88" type="java.lang.AssertionError">Verificar las credenciales ingresadas - no such element: Unable to locate element: {"method":"xpath","selector":"//*[contains(text(),'Vista 360° Individual')]"}
  (Session info: chrome=139.0.7258.139)
For documentation on this error, please visit: https://selenium.dev/exceptions/#no_such_element
Build info: version: '4.9.0', revision: 'd7057100a6'
System info: os.name: 'Windows 11', os.arch: 'amd64', os.version: '10.0', java.version: '21.0.8'
Driver info: org.openqa.selenium.chrome.ChromeDriver
Command: [7d2c7e7baf7941c889e1228d4c2ece88, findElement {using=xpath, value=//*[contains(text(),'Vista 360° Individual')]}]
Capabilities {acceptInsecureCerts: false, browserName: chrome, browserVersion: 139.0.7258.139, chrome: {chromedriverVersion: 139.0.7258.154 (9e0d6b2b47f..., userDataDir: C:\Users\EBENAV~1\AppData\L...}, fedcm:accounts: true, goog:chromeOptions: {debuggerAddress: localhost:55567}, networkConnectionEnabled: false, pageLoadStrategy: normal, platformName: WINDOWS, proxy: Proxy(), se:cdp: ws://localhost:55567/devtoo..., se:cdpVersion: 139.0.7258.139, setWindowRect: true, strictFileInteractability: false, timeouts: {implicit: 0, pageLoad: 300000, script: 30000}, unhandledPromptBehavior: dismiss and notify, webauthn:extension:credBlob: true, webauthn:extension:largeBlob: true, webauthn:extension:minPinLength: true, webauthn:extension:prf: true, webauthn:virtualAuthenticators: true}
Session ID: 7d2c7e7baf7941c889e1228d4c2ece88</failure><system-err>Verificar las credenciales ingresadas - no such element: Unable to locate element: {"method":"xpath","selector":"//*[contains(text(),'Vista 360° Individual')]"}
  (Session info: chrome=139.0.7258.139)
For documentation on this error, please visit: https://selenium.dev/exceptions/#no_such_element
Build info: version: '4.9.0', revision: 'd7057100a6'
System info: os.name: 'Windows 11', os.arch: 'amd64', os.version: '10.0', java.version: '21.0.8'
Driver info: org.openqa.selenium.chrome.ChromeDriver
Command: [7d2c7e7baf7941c889e1228d4c2ece88, findElement {using=xpath, value=//*[contains(text(),'Vista 360° Individual')]}]
Capabilities {acceptInsecureCerts: false, browserName: chrome, browserVersion: 139.0.7258.139, chrome: {chromedriverVersion: 139.0.7258.154 (9e0d6b2b47f..., userDataDir: C:\Users\EBENAV~1\AppData\L...}, fedcm:accounts: true, goog:chromeOptions: {debuggerAddress: localhost:55567}, networkConnectionEnabled: false, pageLoadStrategy: normal, platformName: WINDOWS, proxy: Proxy(), se:cdp: ws://localhost:55567/devtoo..., se:cdpVersion: 139.0.7258.139, setWindowRect: true, strictFileInteractability: false, timeouts: {implicit: 0, pageLoad: 300000, script: 30000}, unhandledPromptBehavior: dismiss and notify, webauthn:extension:credBlob: true, webauthn:extension:largeBlob: true, webauthn:extension:minPinLength: true, webauthn:extension:prf: true, webauthn:virtualAuthenticators: true}
Session ID: 7d2c7e7baf7941c889e1228d4c2ece88&#13;
co.com.stepDefinitions.LoginStepDefinition.elUsuarioVisualizaraUnMensajeDeLoginExitoso(LoginStepDefinition.java:48)&#13;
✽.el usuario visualizara un mensaje de login exitoso(file:///C:/Users/ebenavideja/Desktop/Proyectos/Automatizaciones/Serenity/SerializarSim/src/test/resources/features/login.feature:8)&#13;
</system-err></testcase><testcase name="Login fallido por credenciales inválidas"><skipped/></testcase><testcase name="Usuario bloqueado"><skipped/></testcase></testsuite>